<?xml version="1.0" encoding="UTF-8"?>
<testsuite xmlns:xsi="http://www.w3.org/2001/XMLSchema-instance" xsi:noNamespaceSchemaLocation="https://maven.apache.org/surefire/maven-surefire-plugin/xsd/surefire-test-report.xsd" name="com.cpalmer.jeep.controller.FetchJeepTest" time="4.458" tests="6" errors="0" skipped="0" failures="0">
  <properties>
[...]
</properties>
  <testcase name="testThatAnUnplannedErrorResults500Status" classname="com.cpalmer.jeep.controller.FetchJeepTest$TestsThatPolluteTheApplicationContext" time="0.346"/>
  <testcase name="testThatAnErrorMessgeIsReturnedWhenInvalidTrimSupplied{String, String, String}[1]" classname="com.cpalmer.jeep.controller.FetchJeepTest$TestsThatDoNotPolluteTheApplicationContext" time="0.103"/>
  <testcase name="testThatAnErrorMessgeIsReturnedWhenInvalidTrimSupplied{String, String, String}[2]" classname="com.cpalmer.jeep.controller.FetchJeepTest$TestsThatDoNotPolluteTheApplicationContext" time="0.046"/>
  <testcase name="testThatAnErrorMessgeIsReturnedWhenInvalidTrimSupplied{String, String, String}[3]" classname="com.cpalmer.jeep.controller.FetchJeepTest$TestsThatDoNotPolluteTheApplicationContext" time="0.036"/>
  <testcase name="testThatAnErrorMessgeIsReturnedWhenUnknownTrimSupplied" classname="com.cpalmer.jeep.controller.FetchJeepTest$TestsThatDoNotPolluteTheApplicationContext" time="0.052"/>
  <testcase name="testThatJeepsAreReturnedWhenValidModelAndTrimAreSupplied" classname="com.cpalmer.jeep.controller.FetchJeepTest$TestsThatDoNotPolluteTheApplicationContext" time="0.067"/>
</testsuite>